<?xml version="1.0" encoding="UTF-8"?>
<testsuite name="de.htw.webtech.WebtechApplicationTests" tests="1" skipped="0" failures="0" errors="0" timestamp="2025-12-22T15:16:33.898Z" hostname="Hamoudi's MacBook" time="0.001">
  <properties/>
  <testcase name="contextLoads()" classname="de.htw.webtech.WebtechApplicationTests" time="0.001"/>
  <system-out><![CDATA[2025-12-22T16:16:33.020+01:00  INFO 55181 --- [webtech] [    Test worker] t.c.s.AnnotationConfigContextLoaderUtils : Could not detect default configuration classes for test class [de.htw.webtech.WebtechApplicationTests]: WebtechApplicationTests does not declare any static, non-private, non-final, nested classes annotated with @Configuration.
2025-12-22T16:16:33.022+01:00  INFO 55181 --- [webtech] [    Test worker] .b.t.c.SpringBootTestContextBootstrapper : Found @SpringBootConfiguration de.htw.webtech.WebtechApplication for test class de.htw.webtech.WebtechApplicationTests

  .   ____          _            __ _ _
 /\\ / ___'_ __ _ _(_)_ __  __ _ \ \ \ \
( ( )\___ | '_ | '_| | '_ \/ _` | \ \ \ \
 \\/  ___)| |_)| | | | | || (_| |  ) ) ) )
  '  |____| .__|_| |_|_| |_\__, | / / / /
 =========|_|==============|___/=/_/_/_/

 :: Spring Boot ::                (v3.5.6)

2025-12-22T16:16:33.034+01:00  INFO 55181 --- [webtech] [    Test worker] de.htw.webtech.WebtechApplicationTests   : Starting WebtechApplicationTests using Java 25 with PID 55181 (started by mohamadbachrouche in /Users/mohamadbachrouche/GitHub/webtech-note-app-be)
2025-12-22T16:16:33.034+01:00  INFO 55181 --- [webtech] [    Test worker] de.htw.webtech.WebtechApplicationTests   : No active profile set, falling back to 1 default profile: "default"
2025-12-22T16:16:33.125+01:00  INFO 55181 --- [webtech] [    Test worker] .s.d.r.c.RepositoryConfigurationDelegate : Bootstrapping Spring Data JPA repositories in DEFAULT mode.
2025-12-22T16:16:33.138+01:00  INFO 55181 --- [webtech] [    Test worker] .s.d.r.c.RepositoryConfigurationDelegate : Finished Spring Data repository scanning in 8 ms. Found 1 JPA repository interface.
2025-12-22T16:16:33.246+01:00  INFO 55181 --- [webtech] [    Test worker] o.hibernate.jpa.internal.util.LogHelper  : HHH000204: Processing PersistenceUnitInfo [name: default]
2025-12-22T16:16:33.269+01:00  INFO 55181 --- [webtech] [    Test worker] org.hibernate.Version                    : HHH000412: Hibernate ORM core version 6.6.29.Final
2025-12-22T16:16:33.282+01:00  INFO 55181 --- [webtech] [    Test worker] o.h.c.internal.RegionFactoryInitiator    : HHH000026: Second-level cache disabled
2025-12-22T16:16:33.347+01:00  INFO 55181 --- [webtech] [    Test worker] o.s.o.j.p.SpringPersistenceUnitInfo      : No LoadTimeWeaver setup: ignoring JPA class transformer
2025-12-22T16:16:33.359+01:00  INFO 55181 --- [webtech] [    Test worker] com.zaxxer.hikari.HikariDataSource       : HikariPool-1 - Starting...
2025-12-22T16:16:33.429+01:00  INFO 55181 --- [webtech] [    Test worker] com.zaxxer.hikari.pool.HikariPool        : HikariPool-1 - Added connection conn0: url=jdbc:h2:mem:testdb user=SA
2025-12-22T16:16:33.430+01:00  INFO 55181 --- [webtech] [    Test worker] com.zaxxer.hikari.HikariDataSource       : HikariPool-1 - Start completed.
2025-12-22T16:16:33.442+01:00  WARN 55181 --- [webtech] [    Test worker] org.hibernate.orm.deprecation            : HHH90000025: H2Dialect does not need to be specified explicitly using 'hibernate.dialect' (remove the property setting and it will be selected by default)
2025-12-22T16:16:33.450+01:00  INFO 55181 --- [webtech] [    Test worker] org.hibernate.orm.connections.pooling    : HHH10001005: Database info:
	Database JDBC URL [Connecting through datasource 'HikariDataSource (HikariPool-1)']
	Database driver: undefined/unknown
	Database version: 2.3.232
	Autocommit mode: undefined/unknown
	Isolation level: undefined/unknown
	Minimum pool size: undefined/unknown
	Maximum pool size: undefined/unknown
2025-12-22T16:16:33.694+01:00  INFO 55181 --- [webtech] [    Test worker] o.h.e.t.j.p.i.JtaPlatformInitiator       : HHH000489: No JTA platform available (set 'hibernate.transaction.jta.platform' to enable JTA platform integration)
Hibernate: create table note (id bigint generated by default as identity, content TEXT, created_at timestamp(6), in_trash boolean not null, last_modified timestamp(6), pinned boolean not null, tags varchar(255), title varchar(255), primary key (id))
2025-12-22T16:16:33.716+01:00  INFO 55181 --- [webtech] [    Test worker] j.LocalContainerEntityManagerFactoryBean : Initialized JPA EntityManagerFactory for persistence unit 'default'
2025-12-22T16:16:33.833+01:00  WARN 55181 --- [webtech] [    Test worker] JpaBaseConfiguration$JpaWebConfiguration : spring.jpa.open-in-view is enabled by default. Therefore, database queries may be performed during view rendering. Explicitly configure spring.jpa.open-in-view to disable this warning
2025-12-22T16:16:33.897+01:00  INFO 55181 --- [webtech] [    Test worker] de.htw.webtech.WebtechApplicationTests   : Started WebtechApplicationTests in 0.871 seconds (process running for 2.237)
]]></system-out>
  <system-err><![CDATA[]]></system-err>
</testsuite>
