<?xml version="1.0" encoding="UTF-8"?>
<testsuite name="de.htw.webtech.repository.NoteRepositoryTest" tests="2" skipped="0" failures="0" errors="0" timestamp="2025-12-22T15:16:33.990Z" hostname="Hamoudi's MacBook" time="0.074">
  <properties/>
  <testcase name="shouldFindActiveNotes()" classname="de.htw.webtech.repository.NoteRepositoryTest" time="0.068"/>
  <testcase name="shouldFindTrashedNotes()" classname="de.htw.webtech.repository.NoteRepositoryTest" time="0.005"/>
  <system-out><![CDATA[2025-12-22T16:16:33.901+01:00  INFO 55181 --- [webtech] [    Test worker] t.c.s.AnnotationConfigContextLoaderUtils : Could not detect default configuration classes for test class [de.htw.webtech.repository.NoteRepositoryTest]: NoteRepositoryTest does not declare any static, non-private, non-final, nested classes annotated with @Configuration.
2025-12-22T16:16:33.906+01:00  INFO 55181 --- [webtech] [    Test worker] .b.t.c.SpringBootTestContextBootstrapper : Found @SpringBootConfiguration de.htw.webtech.WebtechApplication for test class de.htw.webtech.repository.NoteRepositoryTest

  .   ____          _            __ _ _
 /\\ / ___'_ __ _ _(_)_ __  __ _ \ \ \ \
( ( )\___ | '_ | '_| | '_ \/ _` | \ \ \ \
 \\/  ___)| |_)| | | | | || (_| |  ) ) ) )
  '  |____| .__|_| |_|_| |_\__, | / / / /
 =========|_|==============|___/=/_/_/_/

 :: Spring Boot ::                (v3.5.6)

2025-12-22T16:16:33.913+01:00  INFO 55181 --- [webtech] [    Test worker] d.h.w.repository.NoteRepositoryTest      : Starting NoteRepositoryTest using Java 25 with PID 55181 (started by mohamadbachrouche in /Users/mohamadbachrouche/GitHub/webtech-note-app-be)
2025-12-22T16:16:33.914+01:00  INFO 55181 --- [webtech] [    Test worker] d.h.w.repository.NoteRepositoryTest      : No active profile set, falling back to 1 default profile: "default"
2025-12-22T16:16:33.932+01:00  INFO 55181 --- [webtech] [    Test worker] .s.d.r.c.RepositoryConfigurationDelegate : Bootstrapping Spring Data JPA repositories in DEFAULT mode.
2025-12-22T16:16:33.934+01:00  INFO 55181 --- [webtech] [    Test worker] .s.d.r.c.RepositoryConfigurationDelegate : Finished Spring Data repository scanning in 1 ms. Found 1 JPA repository interface.
2025-12-22T16:16:33.938+01:00  INFO 55181 --- [webtech] [    Test worker] beddedDataSourceBeanFactoryPostProcessor : Replacing 'dataSource' DataSource bean with embedded version
2025-12-22T16:16:33.944+01:00  INFO 55181 --- [webtech] [    Test worker] o.s.j.d.e.EmbeddedDatabaseFactory        : Starting embedded database: url='jdbc:h2:mem:1407adc7-2f30-4b2a-a4af-6c870ab32d08;DB_CLOSE_DELAY=-1;DB_CLOSE_ON_EXIT=false', username='sa'
2025-12-22T16:16:33.950+01:00  INFO 55181 --- [webtech] [    Test worker] o.hibernate.jpa.internal.util.LogHelper  : HHH000204: Processing PersistenceUnitInfo [name: default]
2025-12-22T16:16:33.951+01:00  INFO 55181 --- [webtech] [    Test worker] o.h.c.internal.RegionFactoryInitiator    : HHH000026: Second-level cache disabled
2025-12-22T16:16:33.953+01:00  INFO 55181 --- [webtech] [    Test worker] o.s.o.j.p.SpringPersistenceUnitInfo      : No LoadTimeWeaver setup: ignoring JPA class transformer
2025-12-22T16:16:33.956+01:00  WARN 55181 --- [webtech] [    Test worker] org.hibernate.dialect.Dialect            : HHH000511: The 2.3.232 version for [org.hibernate.dialect.PostgreSQLDialect] is no longer supported, hence certain features may not work properly. The minimum supported version is 12.0.0. Check the community dialects project for available legacy versions.
2025-12-22T16:16:33.957+01:00  WARN 55181 --- [webtech] [    Test worker] org.hibernate.orm.deprecation            : HHH90000025: PostgreSQLDialect does not need to be specified explicitly using 'hibernate.dialect' (remove the property setting and it will be selected by default)
2025-12-22T16:16:33.958+01:00  INFO 55181 --- [webtech] [    Test worker] org.hibernate.orm.connections.pooling    : HHH10001005: Database info:
	Database JDBC URL [Connecting through datasource 'org.springframework.jdbc.datasource.embedded.EmbeddedDatabaseFactory$EmbeddedDataSourceProxy@1847da64']
	Database driver: undefined/unknown
	Database version: 2.3.232
	Autocommit mode: undefined/unknown
	Isolation level: undefined/unknown
	Minimum pool size: undefined/unknown
	Maximum pool size: undefined/unknown
2025-12-22T16:16:33.974+01:00  INFO 55181 --- [webtech] [    Test worker] o.h.e.t.j.p.i.JtaPlatformInitiator       : HHH000489: No JTA platform available (set 'hibernate.transaction.jta.platform' to enable JTA platform integration)
Hibernate: create table note (id bigint generated by default as identity, content TEXT, created_at timestamp(6), in_trash boolean not null, last_modified timestamp(6), pinned boolean not null, tags varchar(255), title varchar(255), primary key (id))
2025-12-22T16:16:33.975+01:00  INFO 55181 --- [webtech] [    Test worker] j.LocalContainerEntityManagerFactoryBean : Initialized JPA EntityManagerFactory for persistence unit 'default'
2025-12-22T16:16:33.990+01:00  INFO 55181 --- [webtech] [    Test worker] d.h.w.repository.NoteRepositoryTest      : Started NoteRepositoryTest in 0.083 seconds (process running for 2.329)
Hibernate: insert into note (content,created_at,in_trash,last_modified,pinned,tags,title) values (?,?,?,?,?,?,?)
Hibernate: insert into note (content,created_at,in_trash,last_modified,pinned,tags,title) values (?,?,?,?,?,?,?)
Hibernate: select n1_0.id,n1_0.content,n1_0.created_at,n1_0.in_trash,n1_0.last_modified,n1_0.pinned,n1_0.tags,n1_0.title from note n1_0 where not(n1_0.in_trash)
Hibernate: insert into note (content,created_at,in_trash,last_modified,pinned,tags,title) values (?,?,?,?,?,?,?)
Hibernate: insert into note (content,created_at,in_trash,last_modified,pinned,tags,title) values (?,?,?,?,?,?,?)
Hibernate: select n1_0.id,n1_0.content,n1_0.created_at,n1_0.in_trash,n1_0.last_modified,n1_0.pinned,n1_0.tags,n1_0.title from note n1_0 where n1_0.in_trash
]]></system-out>
  <system-err><![CDATA[]]></system-err>
</testsuite>
