<?xml version="1.0" encoding="UTF-8"?>
<testsuite name="de.htw.webtech.NoteControllerTest" tests="6" skipped="0" failures="0" errors="0" timestamp="2025-12-22T15:16:32.909Z" hostname="Hamoudi's MacBook" time="0.109">
  <properties/>
  <testcase name="shouldUpdateNote()" classname="de.htw.webtech.NoteControllerTest" time="0.081"/>
  <testcase name="shouldReturnNoteById()" classname="de.htw.webtech.NoteControllerTest" time="0.004"/>
  <testcase name="shouldMoveToTrash()" classname="de.htw.webtech.NoteControllerTest" time="0.004"/>
  <testcase name="shouldReturnAllNotes()" classname="de.htw.webtech.NoteControllerTest" time="0.008"/>
  <testcase name="shouldCreateNote()" classname="de.htw.webtech.NoteControllerTest" time="0.004"/>
  <testcase name="shouldDeletePermanently()" classname="de.htw.webtech.NoteControllerTest" time="0.005"/>
  <system-out><![CDATA[16:16:31.999 [Test worker] INFO org.springframework.test.context.support.AnnotationConfigContextLoaderUtils -- Could not detect default configuration classes for test class [de.htw.webtech.NoteControllerTest]: NoteControllerTest does not declare any static, non-private, non-final, nested classes annotated with @Configuration.
16:16:32.051 [Test worker] INFO org.springframework.boot.test.context.SpringBootTestContextBootstrapper -- Found @SpringBootConfiguration de.htw.webtech.WebtechApplication for test class de.htw.webtech.NoteControllerTest

  .   ____          _            __ _ _
 /\\ / ___'_ __ _ _(_)_ __  __ _ \ \ \ \
( ( )\___ | '_ | '_| | '_ \/ _` | \ \ \ \
 \\/  ___)| |_)| | | | | || (_| |  ) ) ) )
  '  |____| .__|_| |_|_| |_\__, | / / / /
 =========|_|==============|___/=/_/_/_/

 :: Spring Boot ::                (v3.5.6)

2025-12-22T16:16:32.195+01:00  INFO 55181 --- [webtech] [    Test worker] de.htw.webtech.NoteControllerTest        : Starting NoteControllerTest using Java 25 with PID 55181 (started by mohamadbachrouche in /Users/mohamadbachrouche/GitHub/webtech-note-app-be)
2025-12-22T16:16:32.197+01:00  INFO 55181 --- [webtech] [    Test worker] de.htw.webtech.NoteControllerTest        : No active profile set, falling back to 1 default profile: "default"
2025-12-22T16:16:32.895+01:00  INFO 55181 --- [webtech] [    Test worker] o.s.b.t.m.w.SpringBootMockServletContext : Initializing Spring TestDispatcherServlet ''
2025-12-22T16:16:32.895+01:00  INFO 55181 --- [webtech] [    Test worker] o.s.t.web.servlet.TestDispatcherServlet  : Initializing Servlet ''
2025-12-22T16:16:32.896+01:00  INFO 55181 --- [webtech] [    Test worker] o.s.t.web.servlet.TestDispatcherServlet  : Completed initialization in 0 ms
2025-12-22T16:16:32.907+01:00  INFO 55181 --- [webtech] [    Test worker] de.htw.webtech.NoteControllerTest        : Started NoteControllerTest in 0.83 seconds (process running for 1.246)
]]></system-out>
  <system-err><![CDATA[Mockito is currently self-attaching to enable the inline-mock-maker. This will no longer work in future releases of the JDK. Please add Mockito as an agent to your build as described in Mockito's documentation: https://javadoc.io/doc/org.mockito/mockito-core/latest/org.mockito/org/mockito/Mockito.html#0.3
WARNING: A Java agent has been loaded dynamically (/Users/mohamadbachrouche/.gradle/caches/modules-2/files-2.1/net.bytebuddy/byte-buddy-agent/1.17.7/fbf3d6d649ed37fc9e9c59480a05be0a26e3c2da/byte-buddy-agent-1.17.7.jar)
WARNING: If a serviceability tool is in use, please run with -XX:+EnableDynamicAgentLoading to hide this warning
WARNING: If a serviceability tool is not in use, please run with -Djdk.instrument.traceUsage for more information
WARNING: Dynamic loading of agents will be disallowed by default in a future release
]]></system-err>
</testsuite>
