<?xml version="1.0" encoding="UTF-8"?>
<testsuite name="de.htw.webtech.repository.NoteRepositoryTest" tests="2" skipped="0" failures="0" errors="0" timestamp="2025-12-22T15:06:54.701Z" hostname="Hamoudi's MacBook" time="0.376">
  <properties/>
  <testcase name="shouldFindActiveNotes()" classname="de.htw.webtech.repository.NoteRepositoryTest" time="0.366"/>
  <testcase name="shouldFindTrashedNotes()" classname="de.htw.webtech.repository.NoteRepositoryTest" time="0.009"/>
  <system-out><![CDATA[16:06:53.642 [Test worker] INFO org.springframework.test.context.support.AnnotationConfigContextLoaderUtils -- Could not detect default configuration classes for test class [de.htw.webtech.repository.NoteRepositoryTest]: NoteRepositoryTest does not declare any static, non-private, non-final, nested classes annotated with @Configuration.
16:06:53.699 [Test worker] INFO org.springframework.boot.test.context.SpringBootTestContextBootstrapper -- Found @SpringBootConfiguration de.htw.webtech.WebtechApplication for test class de.htw.webtech.repository.NoteRepositoryTest

  .   ____          _            __ _ _
 /\\ / ___'_ __ _ _(_)_ __  __ _ \ \ \ \
( ( )\___ | '_ | '_| | '_ \/ _` | \ \ \ \
 \\/  ___)| |_)| | | | | || (_| |  ) ) ) )
  '  |____| .__|_| |_|_| |_\__, | / / / /
 =========|_|==============|___/=/_/_/_/

 :: Spring Boot ::                (v3.5.6)

2025-12-22T16:06:53.832+01:00  INFO 54759 --- [webtech] [    Test worker] d.h.w.repository.NoteRepositoryTest      : Starting NoteRepositoryTest using Java 25 with PID 54759 (started by mohamadbachrouche in /Users/mohamadbachrouche/GitHub/webtech-note-app-be)
2025-12-22T16:06:53.833+01:00  INFO 54759 --- [webtech] [    Test worker] d.h.w.repository.NoteRepositoryTest      : No active profile set, falling back to 1 default profile: "default"
2025-12-22T16:06:53.953+01:00  INFO 54759 --- [webtech] [    Test worker] .s.d.r.c.RepositoryConfigurationDelegate : Bootstrapping Spring Data JPA repositories in DEFAULT mode.
2025-12-22T16:06:53.973+01:00  INFO 54759 --- [webtech] [    Test worker] .s.d.r.c.RepositoryConfigurationDelegate : Finished Spring Data repository scanning in 13 ms. Found 1 JPA repository interface.
2025-12-22T16:06:53.992+01:00  INFO 54759 --- [webtech] [    Test worker] beddedDataSourceBeanFactoryPostProcessor : Replacing 'dataSource' DataSource bean with embedded version
2025-12-22T16:06:54.020+01:00  INFO 54759 --- [webtech] [    Test worker] o.s.j.d.e.EmbeddedDatabaseFactory        : Starting embedded database: url='jdbc:h2:mem:d259cb28-2bc1-4c2e-abbf-f3797a5b76a0;DB_CLOSE_DELAY=-1;DB_CLOSE_ON_EXIT=false', username='sa'
2025-12-22T16:06:54.124+01:00  INFO 54759 --- [webtech] [    Test worker] o.hibernate.jpa.internal.util.LogHelper  : HHH000204: Processing PersistenceUnitInfo [name: default]
2025-12-22T16:06:54.145+01:00  INFO 54759 --- [webtech] [    Test worker] org.hibernate.Version                    : HHH000412: Hibernate ORM core version 6.6.29.Final
2025-12-22T16:06:54.159+01:00  INFO 54759 --- [webtech] [    Test worker] o.h.c.internal.RegionFactoryInitiator    : HHH000026: Second-level cache disabled
2025-12-22T16:06:54.267+01:00  INFO 54759 --- [webtech] [    Test worker] o.s.o.j.p.SpringPersistenceUnitInfo      : No LoadTimeWeaver setup: ignoring JPA class transformer
2025-12-22T16:06:54.285+01:00  WARN 54759 --- [webtech] [    Test worker] org.hibernate.dialect.Dialect            : HHH000511: The 2.3.232 version for [org.hibernate.dialect.PostgreSQLDialect] is no longer supported, hence certain features may not work properly. The minimum supported version is 12.0.0. Check the community dialects project for available legacy versions.
2025-12-22T16:06:54.288+01:00  WARN 54759 --- [webtech] [    Test worker] org.hibernate.orm.deprecation            : HHH90000025: PostgreSQLDialect does not need to be specified explicitly using 'hibernate.dialect' (remove the property setting and it will be selected by default)
2025-12-22T16:06:54.294+01:00  INFO 54759 --- [webtech] [    Test worker] org.hibernate.orm.connections.pooling    : HHH10001005: Database info:
	Database JDBC URL [Connecting through datasource 'org.springframework.jdbc.datasource.embedded.EmbeddedDatabaseFactory$EmbeddedDataSourceProxy@4d25f816']
	Database driver: undefined/unknown
	Database version: 2.3.232
	Autocommit mode: undefined/unknown
	Isolation level: undefined/unknown
	Minimum pool size: undefined/unknown
	Maximum pool size: undefined/unknown
2025-12-22T16:06:54.561+01:00  INFO 54759 --- [webtech] [    Test worker] o.h.e.t.j.p.i.JtaPlatformInitiator       : HHH000489: No JTA platform available (set 'hibernate.transaction.jta.platform' to enable JTA platform integration)
Hibernate: create table note (id bigint generated by default as identity, content TEXT, created_at timestamp(6), in_trash boolean not null, last_modified timestamp(6), pinned boolean not null, tags varchar(255), title varchar(255), primary key (id))
2025-12-22T16:06:54.581+01:00  INFO 54759 --- [webtech] [    Test worker] j.LocalContainerEntityManagerFactoryBean : Initialized JPA EntityManagerFactory for persistence unit 'default'
2025-12-22T16:06:54.698+01:00  INFO 54759 --- [webtech] [    Test worker] d.h.w.repository.NoteRepositoryTest      : Started NoteRepositoryTest in 0.967 seconds (process running for 1.387)
Hibernate: insert into note (content,created_at,in_trash,last_modified,pinned,tags,title) values (?,?,?,?,?,?,?)
Hibernate: insert into note (content,created_at,in_trash,last_modified,pinned,tags,title) values (?,?,?,?,?,?,?)
Hibernate: select n1_0.id,n1_0.content,n1_0.created_at,n1_0.in_trash,n1_0.last_modified,n1_0.pinned,n1_0.tags,n1_0.title from note n1_0 where not(n1_0.in_trash)
Hibernate: insert into note (content,created_at,in_trash,last_modified,pinned,tags,title) values (?,?,?,?,?,?,?)
Hibernate: insert into note (content,created_at,in_trash,last_modified,pinned,tags,title) values (?,?,?,?,?,?,?)
Hibernate: select n1_0.id,n1_0.content,n1_0.created_at,n1_0.in_trash,n1_0.last_modified,n1_0.pinned,n1_0.tags,n1_0.title from note n1_0 where n1_0.in_trash
]]></system-out>
  <system-err><![CDATA[Mockito is currently self-attaching to enable the inline-mock-maker. This will no longer work in future releases of the JDK. Please add Mockito as an agent to your build as described in Mockito's documentation: https://javadoc.io/doc/org.mockito/mockito-core/latest/org.mockito/org/mockito/Mockito.html#0.3
WARNING: A Java agent has been loaded dynamically (/Users/mohamadbachrouche/.gradle/caches/modules-2/files-2.1/net.bytebuddy/byte-buddy-agent/1.17.7/fbf3d6d649ed37fc9e9c59480a05be0a26e3c2da/byte-buddy-agent-1.17.7.jar)
WARNING: If a serviceability tool is in use, please run with -XX:+EnableDynamicAgentLoading to hide this warning
WARNING: If a serviceability tool is not in use, please run with -Djdk.instrument.traceUsage for more information
WARNING: Dynamic loading of agents will be disallowed by default in a future release
]]></system-err>
</testsuite>
