<?xml version="1.0" encoding="UTF-8"?>
<testsuite name="de.htw.webtech.service.NoteServiceTest" tests="3" skipped="0" failures="0" errors="0" timestamp="2025-12-22T15:16:34.067Z" hostname="Hamoudi's MacBook" time="0.045">
  <properties/>
  <testcase name="shouldMoveToTrash()" classname="de.htw.webtech.service.NoteServiceTest" time="0.041"/>
  <testcase name="shouldRestoreFromTrash()" classname="de.htw.webtech.service.NoteServiceTest" time="0.001"/>
  <testcase name="shouldSaveNote()" classname="de.htw.webtech.service.NoteServiceTest" time="0.002"/>
  <system-out><![CDATA[]]></system-out>
  <system-err><![CDATA[]]></system-err>
</testsuite>
